<?xml version="1.0" encoding="UTF-8"?>
<testsuite xmlns:xsi="http://www.w3.org/2001/XMLSchema-instance" xsi:noNamespaceSchemaLocation="https://maven.apache.org/surefire/maven-surefire-plugin/xsd/surefire-test-report-3.0.xsd" version="3.0" name="TestSuite" time="38.07" tests="4" errors="0" skipped="0" failures="0">
  <properties>
[...]
</properties>
  <testcase name="homePageNavigation" classname="E2E.ValidateNavbar" time="0.079"/>
  <testcase name="homePageNavigation" classname="E2E.HomePageTestCase" time="12.519"/>
  <testcase name="homePageNavigation" classname="E2E.HomePageTestCase" time="3.87"/>
  <testcase name="homePageNavigation" classname="E2E.ValidateTitleTestCase" time="0.032"/>
</testsuite>