<?xml version="1.0" encoding="UTF-8"?>
<!-- Generated by org.testng.reporters.JUnitXMLReporter -->
<testsuite hostname="MadanPC" ignored="1" name="Test" tests="1" failures="1" timestamp="2021-01-10T19:42:41 PST" time="3.063" errors="0">
  <testcase name="@AfterTest stopServer" time="0.0" classname="MobileTesting.AppiumE2EFW.eCommerceBase">
    <failure type="java.lang.NullPointerException">
      <![CDATA[java.lang.NullPointerException
at MobileTesting.AppiumE2EFW.eCommerceBase.stopServer(eCommerceBase.java:115)
... Removed 28 stack frames]]>
    </failure>
  </testcase> <!-- @AfterTest stopServer -->
  <testcase name="testEcommerce" time="0.0" classname="MobileTesting.AppiumE2EFW.eCommerceTestTask4Optimized">
    <failure type="org.testng.TestNGException" message="
Cannot inject @Test annotated Method [testEcommerce] with [class java.lang.String].
For more information on native dependency injection please refer to https://testng.org/doc/documentation-main.html#native-dependency-injection">
      <![CDATA[org.testng.TestNGException: 
Cannot inject @Test annotated Method [testEcommerce] with [class java.lang.String].
For more information on native dependency injection please refer to https://testng.org/doc/documentation-main.html#native-dependency-injection
at java.util.ArrayList.forEach(ArrayList.java:1257)
... Removed 30 stack frames]]>
    </failure>
  </testcase> <!-- testEcommerce -->
  <testcase name="@AfterTest stopServer" time="0.0" classname="MobileTesting.AppiumE2EFW.eCommerceBase">
    <ignored/>
  </testcase> <!-- @AfterTest stopServer -->
</testsuite> <!-- Test -->
