<?xml version="1.0" encoding="UTF-8"?>
<!-- Generated by org.testng.reporters.JUnitXMLReporter -->
<testsuite hostname="MadanPC" ignored="1" name="Test" tests="2" failures="2" timestamp="2021-01-07T19:47:02 PST" time="5.607" errors="0">
  <testcase name="testEcommerce" time="2.472" classname="MobileTesting.AppiumE2EFW.eCommerceTestTask4Optimized">
    <failure type="java.io.FileNotFoundException" message="C:\Users\15136\eclipse-workspace\AppiumE2EFW\src\main\java\MobileTesting\AppiumE2EFW (Access is denied)">
      <![CDATA[java.io.FileNotFoundException: C:\Users\15136\eclipse-workspace\AppiumE2EFW\src\main\java\MobileTesting\AppiumE2EFW (Access is denied)
at java.io.FileInputStream.open0(Native Method)
at java.io.FileInputStream.open(FileInputStream.java:195)
at java.io.FileInputStream.<init>(FileInputStream.java:138)
at java.io.FileInputStream.<init>(FileInputStream.java:93)
at MobileTesting.AppiumE2EFW.eCommerceBase.eCapabilities(eCommerceBase.java:68)
at MobileTesting.AppiumE2EFW.eCommerceTestTask4Optimized.testEcommerce(eCommerceTestTask4Optimized.java:40)
at java.util.ArrayList.forEach(ArrayList.java:1257)
... Removed 27 stack frames]]>
    </failure>
  </testcase> <!-- testEcommerce -->
  <testcase name="testEcommerce" time="2.488" classname="MobileTesting.AppiumE2EFW.eCommerceTestTask4Optimized">
    <failure type="java.lang.NullPointerException">
      <![CDATA[java.lang.NullPointerException
at MobileTesting.AppiumE2EFW.eCommerceBase.takeScreenshot(eCommerceBase.java:98)
at resources.Listeners.onTestFailure(Listeners.java:33)
at java.util.ArrayList.forEach(ArrayList.java:1257)
... Removed 24 stack frames]]>
    </failure>
  </testcase> <!-- testEcommerce -->
  <testcase name="@AfterTest stopServer" time="0.0" classname="MobileTesting.AppiumE2EFW.eCommerceBase">
    <ignored/>
  </testcase> <!-- @AfterTest stopServer -->
</testsuite> <!-- Test -->
